2022-11-17 [17:45:52.937] [Server thread/INFO]: Loading server configuration
2022-11-17 [17:45:52.954] [Server thread/INFO]: Türkçe (tur) konsol dili olarak seçildi
2022-11-17 [17:45:52.959] [Server thread/INFO]: Starting Minecraft: Bedrock Edition server version v1.19.40
2022-11-17 [17:45:52.965] [Server thread/INFO]: Online mode is enabled. The server will verify that players are authenticated to Xbox Live.
2022-11-17 [17:45:53.077] [Server thread/INFO]: This server is running PocketMine-MP version 4.10.1
2022-11-17 [17:45:53.078] [Server thread/INFO]: PocketMine-MP is distributed under the LGPL License
2022-11-17 [17:45:53.286] [Server thread/INFO]: Loading resource packs...
2022-11-17 [17:45:53.333] [Server thread/INFO]: Preparing world "world"
2022-11-17 [17:45:53.348] [Server thread/NOTICE]: Spawn terrain for world "world" is being generated in the background
2022-11-17 [17:45:53.409] [Server thread/INFO]: Minecraft network interface running on 0.0.0.0:19132
2022-11-17 [17:45:53.410] [Server thread/INFO]: GS4 Query listener running on 0.0.0.0:19132
2022-11-17 [17:45:53.432] [Server thread/INFO]: Minecraft network interface running on [::]:19133
2022-11-17 [17:45:53.432] [Server thread/INFO]: GS4 Query listener running on [::]:19133
2022-11-17 [17:45:53.433] [Server thread/INFO]: Default game type: Creative Mode
2022-11-17 [17:45:53.433] [Server thread/INFO]: Bu projeyi yararlı bulursanız, lütfen gelişimi desteklemek için bağış yapmayı düşünün: https://patreon.com/pocketminemp
2022-11-17 [17:45:53.434] [Server thread/INFO]: Done (0.498s)! For help, type "help" or "?"
2022-11-17 [17:45:53.903] [Server thread/INFO]: [World: world] Generating spawn terrain: 1 / 224 (0%)
2022-11-17 [17:45:55.625] [Server thread/INFO]: [World: world] Generating spawn terrain: 23 / 224 (10%)
2022-11-17 [17:45:56.049] [Server thread/INFO]: [World: world] Generating spawn terrain: 45 / 224 (20%)
2022-11-17 [17:45:56.357] [Server thread/INFO]: [World: world] Generating spawn terrain: 68 / 224 (30%)
2022-11-17 [17:45:56.573] [Server thread/INFO]: [World: world] Generating spawn terrain: 90 / 224 (40%)
2022-11-17 [17:45:56.756] [Server thread/INFO]: [World: world] Generating spawn terrain: 112 / 224 (50%)
2022-11-17 [17:45:56.932] [Server thread/INFO]: [World: world] Generating spawn terrain: 135 / 224 (60%)
2022-11-17 [17:45:57.028] [Server thread/INFO]: [World: world] Generating spawn terrain: 157 / 224 (70%)
2022-11-17 [17:45:57.114] [Server thread/INFO]: [World: world] Generating spawn terrain: 180 / 224 (80%)
2022-11-17 [17:45:57.200] [Server thread/INFO]: [World: world] Generating spawn terrain: 202 / 224 (90%)
2022-11-17 [17:45:57.346] [Server thread/INFO]: [World: world] Generating spawn terrain: 224 / 224 (100%)
2022-11-17 [17:46:06.648] [Server thread/INFO]: [CONSOLE: Sunucu durduruluyor]
2022-11-17 [17:46:06.670] [Server thread/INFO]: Unloading world "world"
2022-11-17 [17:46:07.400] [Server thread/INFO]: Stopping other threads
2022-11-17 [17:55:33.421] [Server thread/INFO]: Loading server configuration
2022-11-17 [17:55:33.438] [Server thread/INFO]: Türkçe (tur) konsol dili olarak seçildi
2022-11-17 [17:55:33.441] [Server thread/INFO]: Starting Minecraft: Bedrock Edition server version v1.19.40
2022-11-17 [17:55:33.444] [Server thread/INFO]: Online mode is enabled. The server will verify that players are authenticated to Xbox Live.
2022-11-17 [17:55:33.547] [Server thread/INFO]: This server is running PocketMine-MP version 4.10.1
2022-11-17 [17:55:33.547] [Server thread/INFO]: PocketMine-MP is distributed under the LGPL License
2022-11-17 [17:55:33.763] [Server thread/INFO]: Loading resource packs...
2022-11-17 [17:55:33.780] [Server thread/INFO]: Loading DevTools v1.16.0
2022-11-17 [17:55:33.790] [Server thread/INFO]: [DevTools] Registered folder plugin loader
2022-11-17 [17:55:33.791] [Server thread/INFO]: Enabling DevTools v1.16.0
2022-11-17 [17:55:33.886] [Server thread/INFO]: Preparing world "world"
2022-11-17 [17:55:33.933] [Server thread/INFO]: Minecraft network interface running on 0.0.0.0:19132
2022-11-17 [17:55:33.933] [Server thread/INFO]: GS4 Query listener running on 0.0.0.0:19132
2022-11-17 [17:55:33.946] [Server thread/INFO]: Minecraft network interface running on [::]:19133
2022-11-17 [17:55:33.947] [Server thread/INFO]: GS4 Query listener running on [::]:19133
2022-11-17 [17:55:33.947] [Server thread/INFO]: Default game type: Creative Mode
2022-11-17 [17:55:33.948] [Server thread/INFO]: Bu projeyi yararlı bulursanız, lütfen gelişimi desteklemek için bağış yapmayı düşünün: https://patreon.com/pocketminemp
2022-11-17 [17:55:33.948] [Server thread/INFO]: Done (0.528s)! For help, type "help" or "?"
2022-11-17 [17:55:50.723] [Server thread/INFO]: [CONSOLE: Sunucu durduruluyor]
2022-11-17 [17:55:50.767] [Server thread/INFO]: Disabling DevTools v1.16.0
2022-11-17 [17:55:50.768] [Server thread/INFO]: Unloading world "world"
2022-11-17 [17:55:51.525] [Server thread/INFO]: Stopping other threads
